Using pre-set license
Built from '2022.1/staging' branch; Version is '2022.1.18f1 (8a091f9adba4) revision 9046303'; Using compiler version '192829333'; Build Type 'Release'
OS: 'Windows 11  (10.0.22000) 64bit CoreSingleLanguage' Language: 'pt' Physical Memory: 3979 MB
BatchMode: 1, IsHumanControllingUs: 0, StartBugReporterOnCrash: 0, Is64bit: 1, IsPro: 1

COMMAND LINE ARGUMENTS:
C:\Program Files\Unity\Hub\Editor\2022.1.18f1\Editor\Unity.exe
-adb2
-batchMode
-noUpm
-name
AssetImportWorker2
-projectPath
C:/Users/rapha/Documents/The Adventures of Rapha/Delta Soccer
-logFile
Logs/AssetImportWorker2.log
-srvPort
57996
Successfully changed project path to: C:/Users/rapha/Documents/The Adventures of Rapha/Delta Soccer
C:/Users/rapha/Documents/The Adventures of Rapha/Delta Soccer
[UnityMemory] Configuration Parameters - Can be set up in boot.config
    "memorysetup-bucket-allocator-granularity=16"
    "memorysetup-bucket-allocator-bucket-count=8"
    "memorysetup-bucket-allocator-block-size=33554432"
    "memorysetup-bucket-allocator-block-count=8"
    "memorysetup-main-allocator-block-size=16777216"
    "memorysetup-thread-allocator-block-size=16777216"
    "memorysetup-gfx-main-allocator-block-size=16777216"
    "memorysetup-gfx-thread-allocator-block-size=16777216"
    "memorysetup-cache-allocator-block-size=4194304"
    "memorysetup-typetree-allocator-block-size=2097152"
    "memorysetup-profiler-bucket-allocator-granularity=16"
    "memorysetup-profiler-bucket-allocator-bucket-count=8"
    "memorysetup-profiler-bucket-allocator-block-size=33554432"
    "memorysetup-profiler-bucket-allocator-block-count=8"
    "memorysetup-profiler-allocator-block-size=16777216"
    "memorysetup-profiler-editor-allocator-block-size=1048576"
    "memorysetup-temp-allocator-size-main=16777216"
    "memorysetup-job-temp-allocator-block-size=2097152"
    "memorysetup-job-temp-allocator-block-size-background=1048576"
    "memorysetup-job-temp-allocator-reduction-small-platforms=262144"
    "memorysetup-temp-allocator-size-background-worker=32768"
    "memorysetup-temp-allocator-size-job-worker=262144"
    "memorysetup-temp-allocator-size-preload-manager=33554432"
    "memorysetup-temp-allocator-size-nav-mesh-worker=65536"
    "memorysetup-temp-allocator-size-audio-worker=65536"
    "memorysetup-temp-allocator-size-cloud-worker=32768"
    "memorysetup-temp-allocator-size-gi-baking-worker=262144"
    "memorysetup-temp-allocator-size-gfx=262144"
Refreshing native plugins compatible for Editor in 172.44 ms, found 2 plugins.
Preloading 0 native plugins for Editor in 0.00 ms.
Initialize engine version: 2022.1.18f1 (8a091f9adba4)
[Subsystems] Discovering subsystems at path C:/Program Files/Unity/Hub/Editor/2022.1.18f1/Editor/Data/Resources/UnitySubsystems
[Subsystems] Discovering subsystems at path C:/Users/rapha/Documents/The Adventures of Rapha/Delta Soccer/Assets
GfxDevice: creating device client; threaded=0; jobified=0
Direct3D:
    Version:  Direct3D 11.0 [level 10.1]
    Renderer: Intel(R) HD Graphics 3000 (ID=0x116)
    Vendor:   Intel
    VRAM:     128 MB
    Driver:   9.17.10.4459
Initialize mono
Mono path[0] = 'C:/Program Files/Unity/Hub/Editor/2022.1.18f1/Editor/Data/Managed'
Mono path[1] = 'C:/Program Files/Unity/Hub/Editor/2022.1.18f1/Editor/Data/MonoBleedingEdge/lib/mono/unityjit-win32'
Mono config path = 'C:/Program Files/Unity/Hub/Editor/2022.1.18f1/Editor/Data/MonoBleedingEdge/etc'
Using monoOptions --debugger-agent=transport=dt_socket,embedding=1,server=y,suspend=n,address=127.0.0.1:56708
Begin MonoManager ReloadAssembly
Registering precompiled unity dll's ...
Register platform support module: C:/Program Files/Unity/Hub/Editor/2022.1.18f1/Editor/Data/PlaybackEngines/WebGLSupport/UnityEditor.WebGL.Extensions.dll
Register platform support module: C:/Program Files/Unity/Hub/Editor/2022.1.18f1/Editor/Data/PlaybackEngines/AndroidPlayer/UnityEditor.Android.Extensions.dll
Register platform support module: C:/Program Files/Unity/Hub/Editor/2022.1.18f1/Editor/Data/PlaybackEngines/WindowsStandaloneSupport/UnityEditor.WindowsStandalone.Extensions.dll
Register platform support module: C:/Program Files/Unity/Hub/Editor/2022.1.18f1/Editor/Data/PlaybackEngines/LinuxStandaloneSupport/UnityEditor.LinuxStandalone.Extensions.dll
Register platform support module: C:/Program Files/Unity/Hub/Editor/2022.1.18f1/Editor/Data/PlaybackEngines/MetroSupport/UnityEditor.UWP.Extensions.dll
Registered in 0.023207 seconds.
Native extension for UWP target not found
Native extension for LinuxStandalone target not found
Native extension for WindowsStandalone target not found
Native extension for Android target not found
Native extension for WebGL target not found
Refreshing native plugins compatible for Editor in 182.12 ms, found 2 plugins.
Preloading 0 native plugins for Editor in 0.00 ms.
Mono: successfully reloaded assembly
- Completed reload, in  3.071 seconds
Domain Reload Profiling:
	ReloadAssembly (3073ms)
		BeginReloadAssembly (250ms)
			ExecutionOrderSort (0ms)
			DisableScriptedObjects (0ms)
			BackupInstance (0ms)
			ReleaseScriptingObjects (0ms)
			CreateAndSetChildDomain (2ms)
		EndReloadAssembly (2347ms)
			LoadAssemblies (250ms)
			RebuildTransferFunctionScriptingTraits (0ms)
			SetupTypeCache (680ms)
				TypeCache.Initialize (678ms)
					TypeCache.ScanAssembly (675ms)
				ResolveRequiredComponents (1ms)
			ReleaseScriptCaches (0ms)
			RebuildScriptCaches (215ms)
			SetupLoadedEditorAssemblies (1184ms)
				LogAssemblyErrors (0ms)
				InitializePlatformSupportModulesInManaged (339ms)
				SetLoadedEditorAssemblies (51ms)
				RefreshPlugins (183ms)
				BeforeProcessingInitializeOnLoad (6ms)
				ProcessInitializeOnLoadAttributes (430ms)
				ProcessInitializeOnLoadMethodAttributes (175ms)
				AfterProcessingInitializeOnLoad (0ms)
				EditorAssembliesLoaded (1ms)
			ExecutionOrderSort2 (0ms)
			AwakeInstancesAfterBackupRestoration (0ms)
Platform modules already initialized, skipping
Registering precompiled user dll's ...
Registered in 0.013172 seconds.
Begin MonoManager ReloadAssembly
Native extension for UWP target not found
Native extension for LinuxStandalone target not found
Native extension for WindowsStandalone target not found
Native extension for Android target not found
Native extension for WebGL target not found
Refreshing native plugins compatible for Editor in 1.28 ms, found 2 plugins.
Preloading 0 native plugins for Editor in 0.00 ms.
Mono: successfully reloaded assembly
- Completed reload, in  4.300 seconds
Domain Reload Profiling:
	ReloadAssembly (4304ms)
		BeginReloadAssembly (553ms)
			ExecutionOrderSort (0ms)
			DisableScriptedObjects (18ms)
			BackupInstance (0ms)
			ReleaseScriptingObjects (0ms)
			CreateAndSetChildDomain (205ms)
		EndReloadAssembly (3159ms)
			LoadAssemblies (304ms)
			RebuildTransferFunctionScriptingTraits (0ms)
			SetupTypeCache (1018ms)
				TypeCache.Initialize (1008ms)
					TypeCache.ScanAssembly (999ms)
				ResolveRequiredComponents (10ms)
			ReleaseScriptCaches (1ms)
			RebuildScriptCaches (157ms)
			SetupLoadedEditorAssemblies (1467ms)
				LogAssemblyErrors (0ms)
				InitializePlatformSupportModulesInManaged (60ms)
				SetLoadedEditorAssemblies (20ms)
				RefreshPlugins (1ms)
				BeforeProcessingInitializeOnLoad (220ms)
				ProcessInitializeOnLoadAttributes (923ms)
				ProcessInitializeOnLoadMethodAttributes (223ms)
				AfterProcessingInitializeOnLoad (19ms)
				EditorAssembliesLoaded (1ms)
			ExecutionOrderSort2 (0ms)
			AwakeInstancesAfterBackupRestoration (18ms)
Platform modules already initialized, skipping
========================================================================
Worker process is ready to serve import requests
Launched and connected shader compiler UnityShaderCompiler.exe after 0.57 seconds
Refreshing native plugins compatible for Editor in 1.74 ms, found 2 plugins.
Preloading 0 native plugins for Editor in 0.00 ms.
Unloading 1961 Unused Serialized files (Serialized files now loaded: 0)
Unloading 39 unused Assets / (58.6 KB). Loaded Objects now: 2420.
Memory consumption went from 320.7 MB to 320.6 MB.
Total: 10.736900 ms (FindLiveObjects: 0.440400 ms CreateObjectMapping: 1.268700 ms MarkObjects: 8.813000 ms  DeleteObjects: 0.212100 ms)

AssetImportParameters requested are different than current active one (requested -> active):
  custom:video-decoder-ogg-theora: a1e56fd34408186e4bbccfd4996cb3dc -> 
  custom:container-muxer-webm: aa71ff27fc2769a1b78a27578f13a17b -> 
  custom:container-demuxer-webm: 4f35f7cbe854078d1ac9338744f61a02 -> 
  custom:video-encoder-webm-vp8: eb34c28f22e8b96e1ab97ce403110664 -> 
  custom:audio-encoder-webm-vorbis: bf7c407c2cedff20999df2af8eb42d56 -> 
  custom:framework-win-MediaFoundation: 216162199b28c13a410421893ffa2e32 -> 
  custom:container-demuxer-ogg: 62fdf1f143b41e24485cea50d1cbac27 -> 
  custom:video-decoder-webm-vp8: 9c59270c3fd7afecdb556c50c9e8de78 -> 
  custom:audio-decoder-ogg-vorbis: bf7c407c2cedff20999df2af8eb42d56 -> 
========================================================================
Received Import Request.
  Time since last request: 7490.739410 seconds.
  path: Assets/Cenas/Level13.unity
  artifactKey: Guid(894d7acbc096e62438657f2bc2242127) Importer(815301076,1909f56bfc062723c751e8b465ee728b)
Start importing Assets/Cenas/Level13.unity using Guid(894d7acbc096e62438657f2bc2242127) Importer(815301076,1909f56bfc062723c751e8b465ee728b)  -> (artifact id: '4e9fe04d07b98ff67079ff2b40e42eb6') in 0.075190 seconds 
========================================================================
Received Import Request.
  Time since last request: 4.933369 seconds.
  path: Assets/Cenas/Level14.unity
  artifactKey: Guid(6f1c716bbde336842a035c5600c31816) Importer(815301076,1909f56bfc062723c751e8b465ee728b)
Start importing Assets/Cenas/Level14.unity using Guid(6f1c716bbde336842a035c5600c31816) Importer(815301076,1909f56bfc062723c751e8b465ee728b)  -> (artifact id: 'f0d98af22295cb23c1114fbc66fee894') in 0.042978 seconds 
========================================================================
Received Import Request.
  Time since last request: 8.139772 seconds.
  path: Assets/Cenas/Level15.unity
  artifactKey: Guid(6905971e8ead7b042a1107b20080712b) Importer(815301076,1909f56bfc062723c751e8b465ee728b)
Start importing Assets/Cenas/Level15.unity using Guid(6905971e8ead7b042a1107b20080712b) Importer(815301076,1909f56bfc062723c751e8b465ee728b)  -> (artifact id: '51e180f210e76eca35d8caccacd2b9f6') in 0.076294 seconds 
========================================================================
Received Import Request.
  Time since last request: 5.436423 seconds.
  path: Assets/Cenas/Level16.unity
  artifactKey: Guid(c94d09346f9b3d54dbdfa7ab1771bc0a) Importer(815301076,1909f56bfc062723c751e8b465ee728b)
Start importing Assets/Cenas/Level16.unity using Guid(c94d09346f9b3d54dbdfa7ab1771bc0a) Importer(815301076,1909f56bfc062723c751e8b465ee728b)  -> (artifact id: 'a2e9804f4dcfa72e0e0a759c3a77c5d4') in 0.049616 seconds 
========================================================================
Received Import Request.
  Time since last request: 6.395266 seconds.
  path: Assets/Cenas/Level17.unity
  artifactKey: Guid(13db22e952f38b9499270c8138e67df9) Importer(815301076,1909f56bfc062723c751e8b465ee728b)
Start importing Assets/Cenas/Level17.unity using Guid(13db22e952f38b9499270c8138e67df9) Importer(815301076,1909f56bfc062723c751e8b465ee728b)  -> (artifact id: 'c8037eec6aa5a7eb868ea98fbdffbb96') in 0.045212 seconds 
========================================================================
Received Import Request.
  Time since last request: 5.070801 seconds.
  path: Assets/Cenas/Level18.unity
  artifactKey: Guid(1e813aebf4377d244b0b12e1accc564a) Importer(815301076,1909f56bfc062723c751e8b465ee728b)
Start importing Assets/Cenas/Level18.unity using Guid(1e813aebf4377d244b0b12e1accc564a) Importer(815301076,1909f56bfc062723c751e8b465ee728b)  -> (artifact id: '17103b8b9548f80930ebb47fec602744') in 0.049771 seconds 
========================================================================
Received Import Request.
  Time since last request: 9.032305 seconds.
  path: Assets/Scripts/ScoreManager.cs
  artifactKey: Guid(a8c5a9d85728cf24e813dabaec4980b8) Importer(815301076,1909f56bfc062723c751e8b465ee728b)
Start importing Assets/Scripts/ScoreManager.cs using Guid(a8c5a9d85728cf24e813dabaec4980b8) Importer(815301076,1909f56bfc062723c751e8b465ee728b)  -> (artifact id: '827f06d96ddaf98f29ee815630aa60e8') in 0.098361 seconds 
========================================================================
Received Import Request.
  Time since last request: 55.643468 seconds.
  path: Assets/Scripts/CodigoMenuIniciar.cs
  artifactKey: Guid(ff43576beb7c400439b9ff137b2dfc6b) Importer(815301076,1909f56bfc062723c751e8b465ee728b)
Start importing Assets/Scripts/CodigoMenuIniciar.cs using Guid(ff43576beb7c400439b9ff137b2dfc6b) Importer(815301076,1909f56bfc062723c751e8b465ee728b)  -> (artifact id: 'b1056df3dac1521e3401ec8c4e1a55e9') in 0.044680 seconds 
========================================================================
Received Import Request.
  Time since last request: 213.279767 seconds.
  path: Assets/Scripts/CodigoMenuIniciar.cs
  artifactKey: Guid(ff43576beb7c400439b9ff137b2dfc6b) Importer(815301076,1909f56bfc062723c751e8b465ee728b)
Start importing Assets/Scripts/CodigoMenuIniciar.cs using Guid(ff43576beb7c400439b9ff137b2dfc6b) Importer(815301076,1909f56bfc062723c751e8b465ee728b)  -> (artifact id: '64873e94cc4b17f749e5805f99003ded') in 0.057399 seconds 
========================================================================
Received Prepare
Registering precompiled user dll's ...
Registered in 0.008823 seconds.
Begin MonoManager ReloadAssembly
Native extension for UWP target not found
Native extension for LinuxStandalone target not found
Native extension for WindowsStandalone target not found
Native extension for Android target not found
Native extension for WebGL target not found
Refreshing native plugins compatible for Editor in 1.34 ms, found 2 plugins.
Preloading 0 native plugins for Editor in 0.00 ms.
Mono: successfully reloaded assembly
- Completed reload, in  3.162 seconds
Domain Reload Profiling:
	ReloadAssembly (3164ms)
		BeginReloadAssembly (375ms)
			ExecutionOrderSort (0ms)
			DisableScriptedObjects (26ms)
			BackupInstance (0ms)
			ReleaseScriptingObjects (0ms)
			CreateAndSetChildDomain (83ms)
		EndReloadAssembly (2467ms)
			LoadAssemblies (241ms)
			RebuildTransferFunctionScriptingTraits (0ms)
			SetupTypeCache (657ms)
				TypeCache.Initialize (645ms)
					TypeCache.ScanAssembly (633ms)
				ResolveRequiredComponents (12ms)
			ReleaseScriptCaches (2ms)
			RebuildScriptCaches (182ms)
			SetupLoadedEditorAssemblies (1168ms)
				LogAssemblyErrors (0ms)
				InitializePlatformSupportModulesInManaged (83ms)
				SetLoadedEditorAssemblies (20ms)
				RefreshPlugins (2ms)
				BeforeProcessingInitializeOnLoad (194ms)
				ProcessInitializeOnLoadAttributes (680ms)
				ProcessInitializeOnLoadMethodAttributes (158ms)
				AfterProcessingInitializeOnLoad (29ms)
				EditorAssembliesLoaded (1ms)
			ExecutionOrderSort2 (0ms)
			AwakeInstancesAfterBackupRestoration (26ms)
Platform modules already initialized, skipping
Refreshing native plugins compatible for Editor in 7.29 ms, found 2 plugins.
Preloading 0 native plugins for Editor in 0.00 ms.
Unloading 1921 Unused Serialized files (Serialized files now loaded: 0)
Unloading 28 unused Assets / (32.5 KB). Loaded Objects now: 2423.
Memory consumption went from 315.2 MB to 315.2 MB.
Total: 8.030300 ms (FindLiveObjects: 0.287100 ms CreateObjectMapping: 0.223600 ms MarkObjects: 7.439800 ms  DeleteObjects: 0.076600 ms)

AssetImportParameters requested are different than current active one (requested -> active):
  custom:video-decoder-ogg-theora: a1e56fd34408186e4bbccfd4996cb3dc -> 
  custom:container-muxer-webm: aa71ff27fc2769a1b78a27578f13a17b -> 
  custom:container-demuxer-webm: 4f35f7cbe854078d1ac9338744f61a02 -> 
  custom:video-encoder-webm-vp8: eb34c28f22e8b96e1ab97ce403110664 -> 
  custom:audio-encoder-webm-vorbis: bf7c407c2cedff20999df2af8eb42d56 -> 
  custom:framework-win-MediaFoundation: 216162199b28c13a410421893ffa2e32 -> 
  custom:container-demuxer-ogg: 62fdf1f143b41e24485cea50d1cbac27 -> 
  custom:video-decoder-webm-vp8: 9c59270c3fd7afecdb556c50c9e8de78 -> 
  custom:audio-decoder-ogg-vorbis: bf7c407c2cedff20999df2af8eb42d56 -> 
========================================================================
Received Prepare
Refreshing native plugins compatible for Editor in 1061.53 ms, found 2 plugins.
Preloading 0 native plugins for Editor in 0.00 ms.
Unloading 28 Unused Serialized files (Serialized files now loaded: 0)
Unloading 28 unused Assets / (29.8 KB). Loaded Objects now: 2423.
Memory consumption went from 59.3 MB to 59.3 MB.
Total: 11.501300 ms (FindLiveObjects: 0.307200 ms CreateObjectMapping: 0.164300 ms MarkObjects: 10.941500 ms  DeleteObjects: 0.085300 ms)

AssetImportParameters requested are different than current active one (requested -> active):
  custom:video-decoder-ogg-theora: a1e56fd34408186e4bbccfd4996cb3dc -> 
  custom:container-muxer-webm: aa71ff27fc2769a1b78a27578f13a17b -> 
  custom:container-demuxer-webm: 4f35f7cbe854078d1ac9338744f61a02 -> 
  custom:video-encoder-webm-vp8: eb34c28f22e8b96e1ab97ce403110664 -> 
  custom:audio-encoder-webm-vorbis: bf7c407c2cedff20999df2af8eb42d56 -> 
  custom:framework-win-MediaFoundation: 216162199b28c13a410421893ffa2e32 -> 
  custom:container-demuxer-ogg: 62fdf1f143b41e24485cea50d1cbac27 -> 
  custom:video-decoder-webm-vp8: 9c59270c3fd7afecdb556c50c9e8de78 -> 
  custom:audio-decoder-ogg-vorbis: bf7c407c2cedff20999df2af8eb42d56 -> 
========================================================================
Received Import Request.
  Time since last request: 3080.873670 seconds.
  path: Assets/Cenas/Level_Game.unity
  artifactKey: Guid(df54f3a4cfb509a4b97fd6770b7ecd5d) Importer(815301076,1909f56bfc062723c751e8b465ee728b)
Start importing Assets/Cenas/Level_Game.unity using Guid(df54f3a4cfb509a4b97fd6770b7ecd5d) Importer(815301076,1909f56bfc062723c751e8b465ee728b)  -> (artifact id: 'f537f5b2185ce0dc74f412413d4a6986') in 9.840502 seconds 
========================================================================
Received Import Request.
  Time since last request: 163.849835 seconds.
  path: Assets/Cenas/Loja_Bolas.unity
  artifactKey: Guid(21f4e0e03d71a344d96b6f73ccfca604) Importer(815301076,1909f56bfc062723c751e8b465ee728b)
Start importing Assets/Cenas/Loja_Bolas.unity using Guid(21f4e0e03d71a344d96b6f73ccfca604) Importer(815301076,1909f56bfc062723c751e8b465ee728b)  -> (artifact id: '74523e60a0a734e28f5a48b0717a37b5') in 0.313261 seconds 
========================================================================
Received Prepare
Refreshing native plugins compatible for Editor in 1460.01 ms, found 2 plugins.
Preloading 0 native plugins for Editor in 0.00 ms.
Unloading 28 Unused Serialized files (Serialized files now loaded: 0)
Unloading 28 unused Assets / (29.8 KB). Loaded Objects now: 2423.
Memory consumption went from 59.3 MB to 59.3 MB.
Total: 5420.397500 ms (FindLiveObjects: 0.336100 ms CreateObjectMapping: 0.164400 ms MarkObjects: 5419.753500 ms  DeleteObjects: 0.140100 ms)

AssetImportParameters requested are different than current active one (requested -> active):
  custom:video-decoder-ogg-theora: a1e56fd34408186e4bbccfd4996cb3dc -> 
  custom:container-muxer-webm: aa71ff27fc2769a1b78a27578f13a17b -> 
  custom:container-demuxer-webm: 4f35f7cbe854078d1ac9338744f61a02 -> 
  custom:video-encoder-webm-vp8: eb34c28f22e8b96e1ab97ce403110664 -> 
  custom:audio-encoder-webm-vorbis: bf7c407c2cedff20999df2af8eb42d56 -> 
  custom:framework-win-MediaFoundation: 216162199b28c13a410421893ffa2e32 -> 
  custom:container-demuxer-ogg: 62fdf1f143b41e24485cea50d1cbac27 -> 
  custom:video-decoder-webm-vp8: 9c59270c3fd7afecdb556c50c9e8de78 -> 
  custom:audio-decoder-ogg-vorbis: bf7c407c2cedff20999df2af8eb42d56 -> 
========================================================================
Received Prepare
Refreshing native plugins compatible for Editor in 22.98 ms, found 2 plugins.
Preloading 0 native plugins for Editor in 0.00 ms.
Unloading 28 Unused Serialized files (Serialized files now loaded: 0)
Unloading 28 unused Assets / (29.8 KB). Loaded Objects now: 2423.
Memory consumption went from 59.3 MB to 59.3 MB.
Total: 26.669900 ms (FindLiveObjects: 0.305100 ms CreateObjectMapping: 1.119500 ms MarkObjects: 25.170800 ms  DeleteObjects: 0.071400 ms)

AssetImportParameters requested are different than current active one (requested -> active):
  custom:video-decoder-ogg-theora: a1e56fd34408186e4bbccfd4996cb3dc -> 
  custom:container-muxer-webm: aa71ff27fc2769a1b78a27578f13a17b -> 
  custom:container-demuxer-webm: 4f35f7cbe854078d1ac9338744f61a02 -> 
  custom:video-encoder-webm-vp8: eb34c28f22e8b96e1ab97ce403110664 -> 
  custom:audio-encoder-webm-vorbis: bf7c407c2cedff20999df2af8eb42d56 -> 
  custom:framework-win-MediaFoundation: 216162199b28c13a410421893ffa2e32 -> 
  custom:container-demuxer-ogg: 62fdf1f143b41e24485cea50d1cbac27 -> 
  custom:video-decoder-webm-vp8: 9c59270c3fd7afecdb556c50c9e8de78 -> 
  custom:audio-decoder-ogg-vorbis: bf7c407c2cedff20999df2af8eb42d56 -> 
